[debug] [2021-04-16T16:01:41.140Z] ----------------------------------------------------------------------
[debug] [2021-04-16T16:01:41.142Z] Command:       C:\Program Files\nodejs\node.exe C:\Users\Lucas Nascimento\AppData\Roaming\npm\node_modules\firebase-tools\lib\bin\firebase.js init
[debug] [2021-04-16T16:01:41.142Z] CLI Version:   9.10.0
[debug] [2021-04-16T16:01:41.142Z] Platform:      win32
[debug] [2021-04-16T16:01:41.143Z] Node Version:  v14.15.1
[debug] [2021-04-16T16:01:41.143Z] Time:          Fri Apr 16 2021 13:01:41 GMT-0300 (Horário Padrão de Brasília)
[debug] [2021-04-16T16:01:41.144Z] ----------------------------------------------------------------------
[debug] 
[debug] [2021-04-16T16:01:41.151Z] > command requires scopes: ["email","openid","https://www.googleapis.com/auth/cloudplatformprojects.readonly","https://www.googleapis.com/auth/firebase","https://www.googleapis.com/auth/cloud-platform"]
[debug] [2021-04-16T16:01:41.151Z] > authorizing via signed-in user (l.nascimento.scr@gmail.com)
[info] 
     ######## #### ########  ######## ########     ###     ######  ########
     ##        ##  ##     ## ##       ##     ##  ##   ##  ##       ##
     ######    ##  ########  ######   ########  #########  ######  ######
     ##        ##  ##    ##  ##       ##     ## ##     ##       ## ##
     ##       #### ##     ## ######## ########  ##     ##  ######  ########

You're about to initialize a Firebase project in this directory:

  C:\Users\Lucas Nascimento\eclipse-workspace\requisicoes-app

Before we get started, keep in mind:

  * You are initializing in an existing Firebase project directory

[info] 
=== Project Setup
[info] 
[info] First, let's associate this project directory with a Firebase project.
[info] You can create multiple project aliases by running firebase use --add, 
[info] but for now we'll just set up a default project.
[info] 
[info] i  .firebaserc already has a default project, using requisicoes-app. 
[debug] [2021-04-16T16:01:52.581Z] >>> [apiv2][query] GET https://firebase.googleapis.com/v1beta1/projects/requisicoes-app [none]
[debug] [2021-04-16T16:01:52.941Z] <<< [apiv2][status] GET https://firebase.googleapis.com/v1beta1/projects/requisicoes-app 403
[debug] [2021-04-16T16:01:52.941Z] <<< [apiv2][body] GET https://firebase.googleapis.com/v1beta1/projects/requisicoes-app {"error":{"code":403,"message":"The caller does not have permission","status":"PERMISSION_DENIED"}}
[debug] [2021-04-16T16:01:52.941Z] HTTP Error: 403, The caller does not have permission
[debug] [2021-04-16T16:01:53.088Z] FirebaseError: HTTP Error: 403, The caller does not have permission
    at module.exports (C:\Users\Lucas Nascimento\AppData\Roaming\npm\node_modules\firebase-tools\lib\responseToError.js:38:12)
    at Client.doRequest (C:\Users\Lucas Nascimento\AppData\Roaming\npm\node_modules\firebase-tools\lib\apiv2.js:238:23)
    at processTicksAndRejections (internal/process/task_queues.js:93:5)
    at async Client.request (C:\Users\Lucas Nascimento\AppData\Roaming\npm\node_modules\firebase-tools\lib\apiv2.js:96:20)
    at async Object.getFirebaseProject (C:\Users\Lucas Nascimento\AppData\Roaming\npm\node_modules\firebase-tools\lib\management\projects.js:290:21)
    at async Object.doSetup [as project] (C:\Users\Lucas Nascimento\AppData\Roaming\npm\node_modules\firebase-tools\lib\init\features\project.js:77:27)
    at async init (C:\Users\Lucas Nascimento\AppData\Roaming\npm\node_modules\firebase-tools\lib\init\index.js:19:9)
[error] 
[error] Error: Failed to get Firebase project requisicoes-app. Please make sure the project exists and your account has permission to access it.
